<?xml version="1.0" encoding="UTF-8"?>
<!-- Generated by org.testng.reporters.JUnitReportReporter -->
<testsuite hostname="DESKTOP-62KGI1A" failures="0" tests="5" name="testCases.TC_003_LoginDDT" time="34.764" errors="0" timestamp="2024-02-02T15:43:36 IST" skipped="0">
  <testcase classname="testCases.TC_003_LoginDDT" name="verify_LoginDDT" time="10.987"/>
  <system-out/>
  <testcase classname="testCases.TC_003_LoginDDT" name="verify_LoginDDT" time="10.697"/>
  <system-out/>
  <testcase classname="testCases.TC_003_LoginDDT" name="verify_LoginDDT" time="10.777"/>
  <system-out/>
  <testcase classname="testCases.TC_003_LoginDDT" name="verify_LoginDDT" time="1.143"/>
  <system-out/>
  <testcase classname="testCases.TC_003_LoginDDT" name="verify_LoginDDT" time="1.160"/>
  <system-out/>
</testsuite> <!-- testCases.TC_003_LoginDDT -->
