<?xml version="1.0" encoding="UTF-8"?>
<!-- Generated by org.testng.reporters.JUnitReportReporter -->
<testsuite hostname="DESKTOP-62KGI1A" failures="0" tests="1" name="testCases.TC_002_LoginTest" time="3.710" errors="0" timestamp="2024-02-04T01:29:11 IST" skipped="0">
  <testcase classname="testCases.TC_002_LoginTest" name="verify_login" time="3.710"/>
</testsuite> <!-- testCases.TC_002_LoginTest -->
