<?xml version="1.0" encoding="UTF-8"?>
<!-- Generated by org.testng.reporters.JUnitReportReporter -->
<testsuite hostname="DESKTOP-62KGI1A" failures="0" tests="1" name="testCases.TC_001_AccountRegistrationTest" time="8.747" errors="0" timestamp="2024-02-04T01:29:12 IST" skipped="0">
  <testcase classname="testCases.TC_001_AccountRegistrationTest" name="verify_account_registration" time="8.747"/>
</testsuite> <!-- testCases.TC_001_AccountRegistrationTest -->
